mode: atomic
ashish.com/m/pkg/services/standard/employeesvc.go:22.67,26.2 1 3
ashish.com/m/pkg/services/standard/employeesvc.go:29.98,33.19 2 3
ashish.com/m/pkg/services/standard/employeesvc.go:33.19,36.3 2 1
ashish.com/m/pkg/services/standard/employeesvc.go:39.2,40.16 2 2
ashish.com/m/pkg/services/standard/employeesvc.go:40.16,41.53 1 1
ashish.com/m/pkg/services/standard/employeesvc.go:41.53,43.4 1 1
ashish.com/m/pkg/services/standard/employeesvc.go:44.3,44.18 1 0
ashish.com/m/pkg/services/standard/employeesvc.go:46.2,46.22 1 1
ashish.com/m/pkg/services/standard/employeesvc.go:50.116,52.16 2 0
ashish.com/m/pkg/services/standard/employeesvc.go:52.16,54.3 1 0
ashish.com/m/pkg/services/standard/employeesvc.go:55.2,55.17 1 0
ashish.com/m/pkg/services/standard/personsvc.go:23.61,27.2 1 0
ashish.com/m/pkg/services/standard/personsvc.go:30.92,34.19 2 0
ashish.com/m/pkg/services/standard/personsvc.go:34.19,37.3 2 0
ashish.com/m/pkg/services/standard/personsvc.go:40.2,41.16 2 0
ashish.com/m/pkg/services/standard/personsvc.go:41.16,42.53 1 0
ashish.com/m/pkg/services/standard/personsvc.go:42.53,44.4 1 0
ashish.com/m/pkg/services/standard/personsvc.go:45.3,45.18 1 0
ashish.com/m/pkg/services/standard/personsvc.go:47.2,47.20 1 0
ashish.com/m/pkg/services/standard/personsvc.go:51.106,56.16 3 0
ashish.com/m/pkg/services/standard/personsvc.go:56.16,58.3 1 0
ashish.com/m/pkg/services/standard/personsvc.go:60.2,61.16 2 0
ashish.com/m/pkg/services/standard/personsvc.go:61.16,62.53 1 0
ashish.com/m/pkg/services/standard/personsvc.go:62.53,65.4 2 0
ashish.com/m/pkg/services/standard/personsvc.go:66.3,66.18 1 0
ashish.com/m/pkg/services/standard/personsvc.go:68.2,68.20 1 0
ashish.com/m/pkg/services/standard/personsvc.go:72.106,74.16 2 0
ashish.com/m/pkg/services/standard/personsvc.go:74.16,76.3 1 0
ashish.com/m/pkg/services/standard/personsvc.go:77.2,77.17 1 0
